<?xml version="1.0" encoding="UTF-8"?>
<testng-results skipped="0" failed="0" ignored="0" total="2" passed="2">
  <reporter-output>
  </reporter-output>
  <suite name="All Test Suite" duration-ms="104" started-at="2021-08-04T22:00:45 CST" finished-at="2021-08-04T22:00:46 CST">
    <groups>
    </groups>
    <test name="D:/Code/jenkinstest" duration-ms="104" started-at="2021-08-04T22:00:45 CST" finished-at="2021-08-04T22:00:46 CST">
      <class name="Logon">
        <test-method status="PASS" signature="logon()[pri:0, instance:Logon@1e127982]" name="logon" duration-ms="8" started-at="2021-08-04T22:00:46 CST" finished-at="2021-08-04T22:00:46 CST">
          <reporter-output>
          </reporter-output>
        </test-method> <!-- logon -->
      </class> <!-- Logon -->
      <class name="Register">
        <test-method status="PASS" signature="register()[pri:0, instance:Register@60c6f5b]" name="register" duration-ms="0" started-at="2021-08-04T22:00:46 CST" finished-at="2021-08-04T22:00:46 CST">
          <reporter-output>
          </reporter-output>
        </test-method> <!-- register -->
      </class> <!-- Register -->
    </test> <!-- D:/Code/jenkinstest -->
  </suite> <!-- All Test Suite -->
</testng-results>
